#
# There is insufficient memory for the Java Runtime Environment to continue.
# Native memory allocation (malloc) failed to allocate 32744 bytes for ChunkPool::allocate
# Possible reasons:
#   The system is out of physical RAM or swap space
#   The process is running with CompressedOops enabled, and the Java Heap may be blocking the growth of the native heap
# Possible solutions:
#   Reduce memory load on the system
#   Increase physical memory or swap space
#   Check if swap backing store is full
#   Decrease Java heap size (-Xmx/-Xms)
#   Decrease number of Java threads
#   Decrease Java thread stack sizes (-Xss)
#   Set larger code cache with -XX:ReservedCodeCacheSize=
#   JVM is running with Unscaled Compressed Oops mode in which the Java heap is
#     placed in the first 4GB address space. The Java Heap base address is the
#     maximum limit for the native heap growth. Please use -XX:HeapBaseMinAddress
#     to set the Java Heap base and to place the Java Heap above 4GB virtual address.
# This output file may be truncated or incomplete.
#
#  Out of Memory Error (arena.cpp:78), pid=6788, tid=23684
#
# JRE version: Java(TM) SE Runtime Environment (17.0.6+9) (build 17.0.6+9-LTS-190)
# Java VM: Java HotSpot(TM) 64-Bit Server VM (17.0.6+9-LTS-190, mixed mode, sharing, tiered, compressed oops, compressed class ptrs, g1 gc, windows-amd64)
# No core dump will be written. Minidumps are not enabled by default on client versions of Windows
#

---------------  S U M M A R Y ------------

Command Line: -Dfile.encoding=UTF-8 -XX:+ShowCodeDetailsInExceptionMessages university.studentleave

Host: Intel(R) Core(TM) i3-1005G1 CPU @ 1.20GHz, 4 cores, 7G,  Windows 11 , 64 bit Build 22621 (10.0.22621.1344)
Time: Sat Apr  1 10:20:11 2023 India Standard Time elapsed time: 0.146879 seconds (0d 0h 0m 0s)

---------------  T H R E A D  ---------------

Current thread (0x0000016771641210):  JavaThread "C1 CompilerThread0" daemon [_thread_in_native, id=23684, stack(0x0000000a23500000,0x0000000a23600000)]


Current CompileTask:
C1:    148  216       3       jdk.internal.org.objectweb.asm.Frame::execute (2305 bytes)

Stack: [0x0000000a23500000,0x0000000a23600000]
Native frames: (J=compiled Java code, j=interpreted, Vv=VM code, C=native code)
V  [jvm.dll+0x6734ea]
V  [jvm.dll+0x7d18f4]
V  [jvm.dll+0x7d309e]
V  [jvm.dll+0x7d3703]
V  [jvm.dll+0x2433c5]
V  [jvm.dll+0xaa6c0]
V  [jvm.dll+0xaaa0c]
V  [jvm.dll+0x173713]
V  [jvm.dll+0x1737d6]
V  [jvm.dll+0x17609b]
V  [jvm.dll+0x177d71]
V  [jvm.dll+0x132d23]
V  [jvm.dll+0x13262f]
V  [jvm.dll+0x132868]
V  [jvm.dll+0x131d01]
V  [jvm.dll+0x1339ad]
V  [jvm.dll+0x224b6e]
V  [jvm.dll+0x222f15]
V  [jvm.dll+0x78753c]
V  [jvm.dll+0x781a7a]
V  [jvm.dll+0x672375]
C  [ucrtbase.dll+0x29363]
C  [KERNEL32.DLL+0x126bd]
C  [ntdll.dll+0x5a9f8]


---------------  P R O C E S S  ---------------

Threads class SMR info:
_java_thread_list=0x00000167720b6750, length=12, elements={
0x0000016753f68e30, 0x000001677161fd00, 0x00000167716206b0, 0x000001677162f850,
0x0000016771630200, 0x0000016771631bc0, 0x000001677163a580, 0x000001677163e760,
0x0000016771641210, 0x0000016771653ff0, 0x00000167720af380, 0x00000167720b9bb0
}

Java Threads: ( => current thread )
  0x0000016753f68e30 JavaThread "main" [_thread_in_vm, id=37456, stack(0x0000000a22700000,0x0000000a22800000)]
  0x000001677161fd00 JavaThread "Reference Handler" daemon [_thread_blocked, id=36032, stack(0x0000000a22e00000,0x0000000a22f00000)]
  0x00000167716206b0 JavaThread "Finalizer" daemon [_thread_blocked, id=14052, stack(0x0000000a22f00000,0x0000000a23000000)]
  0x000001677162f850 JavaThread "Signal Dispatcher" daemon [_thread_blocked, id=31180, stack(0x0000000a23000000,0x0000000a23100000)]
  0x0000016771630200 JavaThread "Attach Listener" daemon [_thread_blocked, id=35692, stack(0x0000000a23100000,0x0000000a23200000)]
  0x0000016771631bc0 JavaThread "Service Thread" daemon [_thread_blocked, id=35864, stack(0x0000000a23200000,0x0000000a23300000)]
  0x000001677163a580 JavaThread "Monitor Deflation Thread" daemon [_thread_blocked, id=35588, stack(0x0000000a23300000,0x0000000a23400000)]
  0x000001677163e760 JavaThread "C2 CompilerThread0" daemon [_thread_blocked, id=22796, stack(0x0000000a23400000,0x0000000a23500000)]
=>0x0000016771641210 JavaThread "C1 CompilerThread0" daemon [_thread_in_native, id=23684, stack(0x0000000a23500000,0x0000000a23600000)]
  0x0000016771653ff0 JavaThread "Sweeper thread" daemon [_thread_blocked, id=624, stack(0x0000000a23600000,0x0000000a23700000)]
  0x00000167720af380 JavaThread "Notification Thread" daemon [_thread_blocked, id=34104, stack(0x0000000a23700000,0x0000000a23800000)]
  0x00000167720b9bb0 JavaThread "Common-Cleaner" daemon [_thread_blocked, id=11872, stack(0x0000000a23900000,0x0000000a23a00000)]

Other Threads:
  0x000001677161a360 VMThread "VM Thread" [stack: 0x0000000a22d00000,0x0000000a22e00000] [id=38884]
  0x00000167720b1c70 WatcherThread [stack: 0x0000000a23800000,0x0000000a23900000] [id=38568]
  0x0000016753fc2d70 GCTaskThread "GC Thread#0" [stack: 0x0000000a22800000,0x0000000a22900000] [id=31968]
  0x0000016753fd3610 ConcurrentGCThread "G1 Main Marker" [stack: 0x0000000a22900000,0x0000000a22a00000] [id=32052]
  0x0000016753fd6ad0 ConcurrentGCThread "G1 Conc#0" [stack: 0x0000000a22a00000,0x0000000a22b00000] [id=27904]
  0x00000167714c2090 ConcurrentGCThread "G1 Refine#0" [stack: 0x0000000a22b00000,0x0000000a22c00000] [id=8340]
  0x00000167714c4870 ConcurrentGCThread "G1 Service" [stack: 0x0000000a22c00000,0x0000000a22d00000] [id=22748]

Threads with active compile tasks:
C1 CompilerThread0      174  216       3       jdk.internal.org.objectweb.asm.Frame::execute (2305 bytes)

VM state: not at safepoint (normal execution)

VM Mutex/Monitor currently owned by a thread: None

Heap address: 0x0000000084000000, size: 1984 MB, Compressed Oops mode: 32-bit

CDS archive(s) mapped at: [0x0000000800000000-0x0000000800bd0000-0x0000000800bd0000), size 12386304, SharedBaseAddress: 0x0000000800000000, ArchiveRelocationMode: 0.
Compressed class space mapped at: 0x0000000800c00000-0x0000000840c00000, reserved size: 1073741824
Narrow klass base: 0x0000000800000000, Narrow klass shift: 0, Narrow klass range: 0x100000000

GC Precious Log:
 CPUs: 4 total, 4 available
 Memory: 7931M
 Large Page Support: Disabled
 NUMA Support: Disabled
 Compressed Oops: Enabled (32-bit)
 Heap Region Size: 1M
 Heap Min Capacity: 8M
 Heap Initial Capacity: 124M
 Heap Max Capacity: 1984M
 Pre-touch: Disabled
 Parallel Workers: 4
 Concurrent Workers: 1
 Concurrent Refinement Workers: 4
 Periodic GC: Disabled

Heap:
 garbage-first heap   total 126976K, used 2048K [0x0000000084000000, 0x0000000100000000)
  region size 1024K, 3 young (3072K), 0 survivors (0K)
 Metaspace       used 1497K, committed 1664K, reserved 1056768K
  class space    used 119K, committed 192K, reserved 1048576K

Heap Regions: E=young(eden), S=young(survivor), O=old, HS=humongous(starts), HC=humongous(continues), CS=collection set, F=free, OA=open archive, CA=closed archive, TAMS=top-at-mark-start (previous, next)
|   0|0x0000000084000000, 0x0000000084000000, 0x0000000084100000|  0%| F|  |TAMS 0x0000000084000000, 0x0000000084000000| Untracked 
|   1|0x0000000084100000, 0x0000000084100000, 0x0000000084200000|  0%| F|  |TAMS 0x0000000084100000, 0x0000000084100000| Untracked 
|   2|0x0000000084200000, 0x0000000084200000, 0x0000000084300000|  0%| F|  |TAMS 0x0000000084200000, 0x0000000084200000| Untracked 
|   3|0x0000000084300000, 0x0000000084300000, 0x0000000084400000|  0%| F|  |TAMS 0x0000000084300000, 0x0000000084300000| Untracked 
|   4|0x0000000084400000, 0x0000000084400000, 0x0000000084500000|  0%| F|  |TAMS 0x0000000084400000, 0x0000000084400000| Untracked 
|   5|0x0000000084500000, 0x0000000084500000, 0x0000000084600000|  0%| F|  |TAMS 0x0000000084500000, 0x0000000084500000| Untracked 
|   6|0x0000000084600000, 0x0000000084600000, 0x0000000084700000|  0%| F|  |TAMS 0x0000000084600000, 0x0000000084600000| Untracked 
|   7|0x0000000084700000, 0x0000000084700000, 0x0000000084800000|  0%| F|  |TAMS 0x0000000084700000, 0x0000000084700000| Untracked 
|   8|0x0000000084800000, 0x0000000084800000, 0x0000000084900000|  0%| F|  |TAMS 0x0000000084800000, 0x0000000084800000| Untracked 
|   9|0x0000000084900000, 0x0000000084900000, 0x0000000084a00000|  0%| F|  |TAMS 0x0000000084900000, 0x0000000084900000| Untracked 
|  10|0x0000000084a00000, 0x0000000084a00000, 0x0000000084b00000|  0%| F|  |TAMS 0x0000000084a00000, 0x0000000084a00000| Untracked 
|  11|0x0000000084b00000, 0x0000000084b00000, 0x0000000084c00000|  0%| F|  |TAMS 0x0000000084b00000, 0x0000000084b00000| Untracked 
|  12|0x0000000084c00000, 0x0000000084c00000, 0x0000000084d00000|  0%| F|  |TAMS 0x0000000084c00000, 0x0000000084c00000| Untracked 
|  13|0x0000000084d00000, 0x0000000084d00000, 0x0000000084e00000|  0%| F|  |TAMS 0x0000000084d00000, 0x0000000084d00000| Untracked 
|  14|0x0000000084e00000, 0x0000000084e00000, 0x0000000084f00000|  0%| F|  |TAMS 0x0000000084e00000, 0x0000000084e00000| Untracked 
|  15|0x0000000084f00000, 0x0000000084f00000, 0x0000000085000000|  0%| F|  |TAMS 0x0000000084f00000, 0x0000000084f00000| Untracked 
|  16|0x0000000085000000, 0x0000000085000000, 0x0000000085100000|  0%| F|  |TAMS 0x0000000085000000, 0x0000000085000000| Untracked 
|  17|0x0000000085100000, 0x0000000085100000, 0x0000000085200000|  0%| F|  |TAMS 0x0000000085100000, 0x0000000085100000| Untracked 
|  18|0x0000000085200000, 0x0000000085200000, 0x0000000085300000|  0%| F|  |TAMS 0x0000000085200000, 0x0000000085200000| Untracked 
|  19|0x0000000085300000, 0x0000000085300000, 0x0000000085400000|  0%| F|  |TAMS 0x0000000085300000, 0x0000000085300000| Untracked 
|  20|0x0000000085400000, 0x0000000085400000, 0x0000000085500000|  0%| F|  |TAMS 0x0000000085400000, 0x0000000085400000| Untracked 
|  21|0x0000000085500000, 0x0000000085500000, 0x0000000085600000|  0%| F|  |TAMS 0x0000000085500000, 0x0000000085500000| Untracked 
|  22|0x0000000085600000, 0x0000000085600000, 0x0000000085700000|  0%| F|  |TAMS 0x0000000085600000, 0x0000000085600000| Untracked 
|  23|0x0000000085700000, 0x0000000085700000, 0x0000000085800000|  0%| F|  |TAMS 0x0000000085700000, 0x0000000085700000| Untracked 
|  24|0x0000000085800000, 0x0000000085800000, 0x0000000085900000|  0%| F|  |TAMS 0x0000000085800000, 0x0000000085800000| Untracked 
|  25|0x0000000085900000, 0x0000000085900000, 0x0000000085a00000|  0%| F|  |TAMS 0x0000000085900000, 0x0000000085900000| Untracked 
|  26|0x0000000085a00000, 0x0000000085a00000, 0x0000000085b00000|  0%| F|  |TAMS 0x0000000085a00000, 0x0000000085a00000| Untracked 
|  27|0x0000000085b00000, 0x0000000085b00000, 0x0000000085c00000|  0%| F|  |TAMS 0x0000000085b00000, 0x0000000085b00000| Untracked 
|  28|0x0000000085c00000, 0x0000000085c00000, 0x0000000085d00000|  0%| F|  |TAMS 0x0000000085c00000, 0x0000000085c00000| Untracked 
|  29|0x0000000085d00000, 0x0000000085d00000, 0x0000000085e00000|  0%| F|  |TAMS 0x0000000085d00000, 0x0000000085d00000| Untracked 
|  30|0x0000000085e00000, 0x0000000085e00000, 0x0000000085f00000|  0%| F|  |TAMS 0x0000000085e00000, 0x0000000085e00000| Untracked 
|  31|0x0000000085f00000, 0x0000000085f00000, 0x0000000086000000|  0%| F|  |TAMS 0x0000000085f00000, 0x0000000085f00000| Untracked 
|  32|0x0000000086000000, 0x0000000086000000, 0x0000000086100000|  0%| F|  |TAMS 0x0000000086000000, 0x0000000086000000| Untracked 
|  33|0x0000000086100000, 0x0000000086100000, 0x0000000086200000|  0%| F|  |TAMS 0x0000000086100000, 0x0000000086100000| Untracked 
|  34|0x0000000086200000, 0x0000000086200000, 0x0000000086300000|  0%| F|  |TAMS 0x0000000086200000, 0x0000000086200000| Untracked 
|  35|0x0000000086300000, 0x0000000086300000, 0x0000000086400000|  0%| F|  |TAMS 0x0000000086300000, 0x0000000086300000| Untracked 
|  36|0x0000000086400000, 0x0000000086400000, 0x0000000086500000|  0%| F|  |TAMS 0x0000000086400000, 0x0000000086400000| Untracked 
|  37|0x0000000086500000, 0x0000000086500000, 0x0000000086600000|  0%| F|  |TAMS 0x0000000086500000, 0x0000000086500000| Untracked 
|  38|0x0000000086600000, 0x0000000086600000, 0x0000000086700000|  0%| F|  |TAMS 0x0000000086600000, 0x0000000086600000| Untracked 
|  39|0x0000000086700000, 0x0000000086700000, 0x0000000086800000|  0%| F|  |TAMS 0x0000000086700000, 0x0000000086700000| Untracked 
|  40|0x0000000086800000, 0x0000000086800000, 0x0000000086900000|  0%| F|  |TAMS 0x0000000086800000, 0x0000000086800000| Untracked 
|  41|0x0000000086900000, 0x0000000086900000, 0x0000000086a00000|  0%| F|  |TAMS 0x0000000086900000, 0x0000000086900000| Untracked 
|  42|0x0000000086a00000, 0x0000000086a00000, 0x0000000086b00000|  0%| F|  |TAMS 0x0000000086a00000, 0x0000000086a00000| Untracked 
|  43|0x0000000086b00000, 0x0000000086b00000, 0x0000000086c00000|  0%| F|  |TAMS 0x0000000086b00000, 0x0000000086b00000| Untracked 
|  44|0x0000000086c00000, 0x0000000086c00000, 0x0000000086d00000|  0%| F|  |TAMS 0x0000000086c00000, 0x0000000086c00000| Untracked 
|  45|0x0000000086d00000, 0x0000000086d00000, 0x0000000086e00000|  0%| F|  |TAMS 0x0000000086d00000, 0x0000000086d00000| Untracked 
|  46|0x0000000086e00000, 0x0000000086e00000, 0x0000000086f00000|  0%| F|  |TAMS 0x0000000086e00000, 0x0000000086e00000| Untracked 
|  47|0x0000000086f00000, 0x0000000086f00000, 0x0000000087000000|  0%| F|  |TAMS 0x0000000086f00000, 0x0000000086f00000| Untracked 
|  48|0x0000000087000000, 0x0000000087000000, 0x0000000087100000|  0%| F|  |TAMS 0x0000000087000000, 0x0000000087000000| Untracked 
|  49|0x0000000087100000, 0x0000000087100000, 0x0000000087200000|  0%| F|  |TAMS 0x0000000087100000, 0x0000000087100000| Untracked 
|  50|0x0000000087200000, 0x0000000087200000, 0x0000000087300000|  0%| F|  |TAMS 0x0000000087200000, 0x0000000087200000| Untracked 
|  51|0x0000000087300000, 0x0000000087300000, 0x0000000087400000|  0%| F|  |TAMS 0x0000000087300000, 0x0000000087300000| Untracked 
|  52|0x0000000087400000, 0x0000000087400000, 0x0000000087500000|  0%| F|  |TAMS 0x0000000087400000, 0x0000000087400000| Untracked 
|  53|0x0000000087500000, 0x0000000087500000, 0x0000000087600000|  0%| F|  |TAMS 0x0000000087500000, 0x0000000087500000| Untracked 
|  54|0x0000000087600000, 0x0000000087600000, 0x0000000087700000|  0%| F|  |TAMS 0x0000000087600000, 0x0000000087600000| Untracked 
|  55|0x0000000087700000, 0x0000000087700000, 0x0000000087800000|  0%| F|  |TAMS 0x0000000087700000, 0x0000000087700000| Untracked 
|  56|0x0000000087800000, 0x0000000087800000, 0x0000000087900000|  0%| F|  |TAMS 0x0000000087800000, 0x0000000087800000| Untracked 
|  57|0x0000000087900000, 0x0000000087900000, 0x0000000087a00000|  0%| F|  |TAMS 0x0000000087900000, 0x0000000087900000| Untracked 
|  58|0x0000000087a00000, 0x0000000087a00000, 0x0000000087b00000|  0%| F|  |TAMS 0x0000000087a00000, 0x0000000087a00000| Untracked 
|  59|0x0000000087b00000, 0x0000000087b00000, 0x0000000087c00000|  0%| F|  |TAMS 0x0000000087b00000, 0x0000000087b00000| Untracked 
|  60|0x0000000087c00000, 0x0000000087c00000, 0x0000000087d00000|  0%| F|  |TAMS 0x0000000087c00000, 0x0000000087c00000| Untracked 
|  61|0x0000000087d00000, 0x0000000087d00000, 0x0000000087e00000|  0%| F|  |TAMS 0x0000000087d00000, 0x0000000087d00000| Untracked 
|  62|0x0000000087e00000, 0x0000000087e00000, 0x0000000087f00000|  0%| F|  |TAMS 0x0000000087e00000, 0x0000000087e00000| Untracked 
|  63|0x0000000087f00000, 0x0000000087f00000, 0x0000000088000000|  0%| F|  |TAMS 0x0000000087f00000, 0x0000000087f00000| Untracked 
|  64|0x0000000088000000, 0x0000000088000000, 0x0000000088100000|  0%| F|  |TAMS 0x0000000088000000, 0x0000000088000000| Untracked 
|  65|0x0000000088100000, 0x0000000088100000, 0x0000000088200000|  0%| F|  |TAMS 0x0000000088100000, 0x0000000088100000| Untracked 
|  66|0x0000000088200000, 0x0000000088200000, 0x0000000088300000|  0%| F|  |TAMS 0x0000000088200000, 0x0000000088200000| Untracked 
|  67|0x0000000088300000, 0x0000000088300000, 0x0000000088400000|  0%| F|  |TAMS 0x0000000088300000, 0x0000000088300000| Untracked 
|  68|0x0000000088400000, 0x0000000088400000, 0x0000000088500000|  0%| F|  |TAMS 0x0000000088400000, 0x0000000088400000| Untracked 
|  69|0x0000000088500000, 0x0000000088500000, 0x0000000088600000|  0%| F|  |TAMS 0x0000000088500000, 0x0000000088500000| Untracked 
|  70|0x0000000088600000, 0x0000000088600000, 0x0000000088700000|  0%| F|  |TAMS 0x0000000088600000, 0x0000000088600000| Untracked 
|  71|0x0000000088700000, 0x0000000088700000, 0x0000000088800000|  0%| F|  |TAMS 0x0000000088700000, 0x0000000088700000| Untracked 
|  72|0x0000000088800000, 0x0000000088800000, 0x0000000088900000|  0%| F|  |TAMS 0x0000000088800000, 0x0000000088800000| Untracked 
|  73|0x0000000088900000, 0x0000000088900000, 0x0000000088a00000|  0%| F|  |TAMS 0x0000000088900000, 0x0000000088900000| Untracked 
|  74|0x0000000088a00000, 0x0000000088a00000, 0x0000000088b00000|  0%| F|  |TAMS 0x0000000088a00000, 0x0000000088a00000| Untracked 
|  75|0x0000000088b00000, 0x0000000088b00000, 0x0000000088c00000|  0%| F|  |TAMS 0x0000000088b00000, 0x0000000088b00000| Untracked 
|  76|0x0000000088c00000, 0x0000000088c00000, 0x0000000088d00000|  0%| F|  |TAMS 0x0000000088c00000, 0x0000000088c00000| Untracked 
|  77|0x0000000088d00000, 0x0000000088d00000, 0x0000000088e00000|  0%| F|  |TAMS 0x0000000088d00000, 0x0000000088d00000| Untracked 
|  78|0x0000000088e00000, 0x0000000088e00000, 0x0000000088f00000|  0%| F|  |TAMS 0x0000000088e00000, 0x0000000088e00000| Untracked 
|  79|0x0000000088f00000, 0x0000000088f00000, 0x0000000089000000|  0%| F|  |TAMS 0x0000000088f00000, 0x0000000088f00000| Untracked 
|  80|0x0000000089000000, 0x0000000089000000, 0x0000000089100000|  0%| F|  |TAMS 0x0000000089000000, 0x0000000089000000| Untracked 
|  81|0x0000000089100000, 0x0000000089100000, 0x0000000089200000|  0%| F|  |TAMS 0x0000000089100000, 0x0000000089100000| Untracked 
|  82|0x0000000089200000, 0x0000000089200000, 0x0000000089300000|  0%| F|  |TAMS 0x0000000089200000, 0x0000000089200000| Untracked 
|  83|0x0000000089300000, 0x0000000089300000, 0x0000000089400000|  0%| F|  |TAMS 0x0000000089300000, 0x0000000089300000| Untracked 
|  84|0x0000000089400000, 0x0000000089400000, 0x0000000089500000|  0%| F|  |TAMS 0x0000000089400000, 0x0000000089400000| Untracked 
|  85|0x0000000089500000, 0x0000000089500000, 0x0000000089600000|  0%| F|  |TAMS 0x0000000089500000, 0x0000000089500000| Untracked 
|  86|0x0000000089600000, 0x0000000089600000, 0x0000000089700000|  0%| F|  |TAMS 0x0000000089600000, 0x0000000089600000| Untracked 
|  87|0x0000000089700000, 0x0000000089700000, 0x0000000089800000|  0%| F|  |TAMS 0x0000000089700000, 0x0000000089700000| Untracked 
|  88|0x0000000089800000, 0x0000000089800000, 0x0000000089900000|  0%| F|  |TAMS 0x0000000089800000, 0x0000000089800000| Untracked 
|  89|0x0000000089900000, 0x0000000089900000, 0x0000000089a00000|  0%| F|  |TAMS 0x0000000089900000, 0x0000000089900000| Untracked 
|  90|0x0000000089a00000, 0x0000000089a00000, 0x0000000089b00000|  0%| F|  |TAMS 0x0000000089a00000, 0x0000000089a00000| Untracked 
|  91|0x0000000089b00000, 0x0000000089b00000, 0x0000000089c00000|  0%| F|  |TAMS 0x0000000089b00000, 0x0000000089b00000| Untracked 
|  92|0x0000000089c00000, 0x0000000089c00000, 0x0000000089d00000|  0%| F|  |TAMS 0x0000000089c00000, 0x0000000089c00000| Untracked 
|  93|0x0000000089d00000, 0x0000000089d00000, 0x0000000089e00000|  0%| F|  |TAMS 0x0000000089d00000, 0x0000000089d00000| Untracked 
|  94|0x0000000089e00000, 0x0000000089e00000, 0x0000000089f00000|  0%| F|  |TAMS 0x0000000089e00000, 0x0000000089e00000| Untracked 
|  95|0x0000000089f00000, 0x0000000089f00000, 0x000000008a000000|  0%| F|  |TAMS 0x0000000089f00000, 0x0000000089f00000| Untracked 
|  96|0x000000008a000000, 0x000000008a000000, 0x000000008a100000|  0%| F|  |TAMS 0x000000008a000000, 0x000000008a000000| Untracked 
|  97|0x000000008a100000, 0x000000008a100000, 0x000000008a200000|  0%| F|  |TAMS 0x000000008a100000, 0x000000008a100000| Untracked 
|  98|0x000000008a200000, 0x000000008a200000, 0x000000008a300000|  0%| F|  |TAMS 0x000000008a200000, 0x000000008a200000| Untracked 
|  99|0x000000008a300000, 0x000000008a300000, 0x000000008a400000|  0%| F|  |TAMS 0x000000008a300000, 0x000000008a300000| Untracked 
| 100|0x000000008a400000, 0x000000008a400000, 0x000000008a500000|  0%| F|  |TAMS 0x000000008a400000, 0x000000008a400000| Untracked 
| 101|0x000000008a500000, 0x000000008a500000, 0x000000008a600000|  0%| F|  |TAMS 0x000000008a500000, 0x000000008a500000| Untracked 
| 102|0x000000008a600000, 0x000000008a600000, 0x000000008a700000|  0%| F|  |TAMS 0x000000008a600000, 0x000000008a600000| Untracked 
| 103|0x000000008a700000, 0x000000008a700000, 0x000000008a800000|  0%| F|  |TAMS 0x000000008a700000, 0x000000008a700000| Untracked 
| 104|0x000000008a800000, 0x000000008a800000, 0x000000008a900000|  0%| F|  |TAMS 0x000000008a800000, 0x000000008a800000| Untracked 
| 105|0x000000008a900000, 0x000000008a900000, 0x000000008aa00000|  0%| F|  |TAMS 0x000000008a900000, 0x000000008a900000| Untracked 
| 106|0x000000008aa00000, 0x000000008aa00000, 0x000000008ab00000|  0%| F|  |TAMS 0x000000008aa00000, 0x000000008aa00000| Untracked 
| 107|0x000000008ab00000, 0x000000008ab00000, 0x000000008ac00000|  0%| F|  |TAMS 0x000000008ab00000, 0x000000008ab00000| Untracked 
| 108|0x000000008ac00000, 0x000000008ac00000, 0x000000008ad00000|  0%| F|  |TAMS 0x000000008ac00000, 0x000000008ac00000| Untracked 
| 109|0x000000008ad00000, 0x000000008ad00000, 0x000000008ae00000|  0%| F|  |TAMS 0x000000008ad00000, 0x000000008ad00000| Untracked 
| 110|0x000000008ae00000, 0x000000008ae00000, 0x000000008af00000|  0%| F|  |TAMS 0x000000008ae00000, 0x000000008ae00000| Untracked 
| 111|0x000000008af00000, 0x000000008af00000, 0x000000008b000000|  0%| F|  |TAMS 0x000000008af00000, 0x000000008af00000| Untracked 
| 112|0x000000008b000000, 0x000000008b000000, 0x000000008b100000|  0%| F|  |TAMS 0x000000008b000000, 0x000000008b000000| Untracked 
| 113|0x000000008b100000, 0x000000008b100000, 0x000000008b200000|  0%| F|  |TAMS 0x000000008b100000, 0x000000008b100000| Untracked 
| 114|0x000000008b200000, 0x000000008b200000, 0x000000008b300000|  0%| F|  |TAMS 0x000000008b200000, 0x000000008b200000| Untracked 
| 115|0x000000008b300000, 0x000000008b300000, 0x000000008b400000|  0%| F|  |TAMS 0x000000008b300000, 0x000000008b300000| Untracked 
| 116|0x000000008b400000, 0x000000008b400000, 0x000000008b500000|  0%| F|  |TAMS 0x000000008b400000, 0x000000008b400000| Untracked 
| 117|0x000000008b500000, 0x000000008b500000, 0x000000008b600000|  0%| F|  |TAMS 0x000000008b500000, 0x000000008b500000| Untracked 
| 118|0x000000008b600000, 0x000000008b600000, 0x000000008b700000|  0%| F|  |TAMS 0x000000008b600000, 0x000000008b600000| Untracked 
| 119|0x000000008b700000, 0x000000008b700000, 0x000000008b800000|  0%| F|  |TAMS 0x000000008b700000, 0x000000008b700000| Untracked 
| 120|0x000000008b800000, 0x000000008b800000, 0x000000008b900000|  0%| F|  |TAMS 0x000000008b800000, 0x000000008b800000| Untracked 
| 121|0x000000008b900000, 0x000000008b985a90, 0x000000008ba00000| 52%| E|  |TAMS 0x000000008b900000, 0x000000008b900000| Complete 
| 122|0x000000008ba00000, 0x000000008bb00000, 0x000000008bb00000|100%| E|CS|TAMS 0x000000008ba00000, 0x000000008ba00000| Complete 
| 123|0x000000008bb00000, 0x000000008bc00000, 0x000000008bc00000|100%| E|CS|TAMS 0x000000008bb00000, 0x000000008bb00000| Complete 

Card table byte_map: [0x000001676abd0000,0x000001676afb0000] _byte_map_base: 0x000001676a7b0000

Marking Bits (Prev, Next): (CMBitMap*) 0x0000016753fc3380, (CMBitMap*) 0x0000016753fc33c0
 Prev Bits: [0x000001676b390000, 0x000001676d290000)
 Next Bits: [0x000001676d290000, 0x000001676f190000)

Polling page: 0x0000016753740000

Metaspace:

Usage:
  Non-class:      1.36 MB used.
      Class:    122.17 KB used.
       Both:      1.48 MB used.

Virtual space:
  Non-class space:        8.00 MB reserved,       1.44 MB ( 18%) committed,  1 nodes.
      Class space:        1.00 GB reserved,     192.00 KB ( <1%) committed,  1 nodes.
             Both:        1.01 GB reserved,       1.62 MB ( <1%) committed. 

Chunk freelists:
   Non-Class:  3.95 MB
       Class:  3.72 MB
        Both:  7.66 MB

MaxMetaspaceSize: unlimited
CompressedClassSpaceSize: 1.00 GB
Initial GC threshold: 21.00 MB
Current GC threshold: 21.00 MB
CDS: on
MetaspaceReclaimPolicy: balanced
 - commit_granule_bytes: 65536.
 - commit_granule_words: 8192.
 - virtual_space_node_default_size: 1048576.
 - enlarge_chunks_in_place: 1.
 - new_chunks_are_fully_committed: 0.
 - uncommit_free_chunks: 1.
 - use_allocation_guard: 0.
 - handle_deallocations: 1.


Internal statistics:

num_allocs_failed_limit: 0.
num_arena_births: 54.
num_arena_deaths: 0.
num_vsnodes_births: 2.
num_vsnodes_deaths: 0.
num_space_committed: 26.
num_space_uncommitted: 0.
num_chunks_returned_to_freelist: 0.
num_chunks_taken_from_freelist: 62.
num_chunk_merges: 0.
num_chunk_splits: 40.
num_chunks_enlarged: 19.
num_purges: 0.
num_inconsistent_stats: 0.

CodeHeap 'non-profiled nmethods': size=120000Kb used=83Kb max_used=83Kb free=119916Kb
 bounds [0x00000167632c0000, 0x0000016763530000, 0x000001676a7f0000]
CodeHeap 'profiled nmethods': size=120000Kb used=225Kb max_used=225Kb free=119775Kb
 bounds [0x000001675b7f0000, 0x000001675ba60000, 0x0000016762d20000]
CodeHeap 'non-nmethods': size=5760Kb used=1141Kb max_used=1141Kb free=4618Kb
 bounds [0x0000016762d20000, 0x0000016762f90000, 0x00000167632c0000]
 total_blobs=647 nmethods=233 adapters=327
 compilation: enabled
              stopped_count=0, restarted_count=0
 full_count=0

Compilation events (20 events):
Event: 0.134 Thread 0x0000016771641210 nmethod 196 0x000001675b825a10 code [0x000001675b825c40, 0x000001675b826598]
Event: 0.134 Thread 0x0000016771641210  192       3       java.lang.invoke.MemberName::initResolved (53 bytes)
Event: 0.134 Thread 0x0000016771641210 nmethod 192 0x000001675b826910 code [0x000001675b826aa0, 0x000001675b826c58]
Event: 0.134 Thread 0x0000016771641210  193       3       java.lang.ref.Reference::<init> (25 bytes)
Event: 0.134 Thread 0x0000016771641210 nmethod 193 0x000001675b826d10 code [0x000001675b826ec0, 0x000001675b827138]
Event: 0.134 Thread 0x0000016771641210  197       1       java.lang.invoke.LambdaForm$Name::index (5 bytes)
Event: 0.134 Thread 0x0000016771641210 nmethod 197 0x00000167632d0190 code [0x00000167632d0320, 0x00000167632d03f8]
Event: 0.134 Thread 0x0000016771641210  205       1       java.lang.invoke.MethodTypeForm::erasedType (5 bytes)
Event: 0.134 Thread 0x0000016771641210 nmethod 205 0x00000167632d0490 code [0x00000167632d0620, 0x00000167632d06f8]
Event: 0.134 Thread 0x0000016771641210  207       3       java.lang.invoke.MemberName::isConstructor (8 bytes)
Event: 0.134 Thread 0x0000016771641210 nmethod 207 0x000001675b827210 code [0x000001675b8273c0, 0x000001675b8275f8]
Event: 0.134 Thread 0x0000016771641210  208       3       java.lang.invoke.LambdaForm$Name::useCount (51 bytes)
Event: 0.134 Thread 0x0000016771641210 nmethod 208 0x000001675b827710 code [0x000001675b8278c0, 0x000001675b827b38]
Event: 0.134 Thread 0x0000016771641210  209       1       java.lang.invoke.LambdaForm$BasicType::basicTypeClass (5 bytes)
Event: 0.134 Thread 0x0000016771641210 nmethod 209 0x00000167632d0790 code [0x00000167632d0920, 0x00000167632d09f8]
Event: 0.134 Thread 0x0000016771641210  210       3       java.lang.invoke.MemberName::isStatic (8 bytes)
Event: 0.134 Thread 0x0000016771641210 nmethod 210 0x000001675b827c10 code [0x000001675b827da0, 0x000001675b827f78]
Event: 0.135 Thread 0x0000016771641210  212       3       java.lang.invoke.LambdaForm$Name::initIndex (26 bytes)
Event: 0.135 Thread 0x0000016771641210 nmethod 212 0x000001675b828010 code [0x000001675b8281a0, 0x000001675b828358]
Event: 0.136 Thread 0x0000016771641210  216       3       jdk.internal.org.objectweb.asm.Frame::execute (2305 bytes)

GC Heap History (0 events):
No events

Deoptimization events (0 events):
No events

Classes unloaded (0 events):
No events

Classes redefined (0 events):
No events

Internal exceptions (2 events):
Event: 0.107 Thread 0x0000016753f68e30 Exception <a 'java/lang/ClassNotFoundException'{0x000000008ba91bc0}: sun/awt/resources/spi/awtProvider> (0x000000008ba91bc0) 
thrown [s\open\src\hotspot\share\classfile\systemDictionary.cpp, line 256]
Event: 0.140 Thread 0x0000016753f68e30 Exception <a 'java/io/FileNotFoundException'{0x000000008baea908}> (0x000000008baea908) 
thrown [s\open\src\hotspot\share\prims\jni.cpp, line 516]

VM Operations (0 events):
No events

Events (20 events):
Event: 0.116 loading class sun/awt/resources/awt done
Event: 0.117 loading class java/util/ResourceBundle$BundleReference
Event: 0.117 loading class java/util/ResourceBundle$BundleReference done
Event: 0.117 loading class sun/awt/resources/awt_en
Event: 0.117 loading class sun/awt/resources/awt_en done
Event: 0.117 loading class sun/awt/resources/awt_en
Event: 0.117 loading class sun/awt/resources/awt_en done
Event: 0.118 loading class sun/awt/resources/awt_en_US
Event: 0.118 loading class sun/awt/resources/awt_en_US done
Event: 0.118 loading class sun/awt/resources/awt_en_US
Event: 0.118 loading class sun/awt/resources/awt_en_US done
Event: 0.118 loading class java/awt/Toolkit$2
Event: 0.118 loading class java/awt/Toolkit$2 done
Event: 0.123 Loaded shared library C:\Program Files\Java\jdk-17\bin\awt.dll
Event: 0.123 loading class java/awt/Toolkit$1
Event: 0.123 loading class java/awt/Toolkit$1 done
Event: 0.137 loading class java/io/FileNotFoundException
Event: 0.137 loading class java/io/IOException
Event: 0.137 loading class java/io/IOException done
Event: 0.138 loading class java/io/FileNotFoundException done


Dynamic libraries:
0x00007ff67ac40000 - 0x00007ff67ac50000 	C:\Program Files\Java\jdk-17\bin\javaw.exe
0x00007fffbbc70000 - 0x00007fffbbe84000 	C:\WINDOWS\SYSTEM32\ntdll.dll
0x00007fffba2b0000 - 0x00007fffba373000 	C:\WINDOWS\System32\KERNEL32.DLL
0x00007fffb9220000 - 0x00007fffb95bc000 	C:\WINDOWS\System32\KERNELBASE.dll
0x00007fffb9750000 - 0x00007fffb9861000 	C:\WINDOWS\System32\ucrtbase.dll
0x00007fff9ed20000 - 0x00007fff9ed3b000 	C:\Program Files\Java\jdk-17\bin\VCRUNTIME140.dll
0x00007fffa59a0000 - 0x00007fffa59b8000 	C:\Program Files\Java\jdk-17\bin\jli.dll
0x00007fffbbb80000 - 0x00007fffbbc2e000 	C:\WINDOWS\System32\ADVAPI32.dll
0x00007fffbb240000 - 0x00007fffbb2e7000 	C:\WINDOWS\System32\msvcrt.dll
0x00007fffbba70000 - 0x00007fffbbb14000 	C:\WINDOWS\System32\sechost.dll
0x00007fffb9a90000 - 0x00007fffb9ba5000 	C:\WINDOWS\System32\RPCRT4.dll
0x00007fffa43d0000 - 0x00007fffa465e000 	C:\WINDOWS\WinSxS\amd64_microsoft.windows.common-controls_6595b64144ccf1df_6.0.22621.608_none_a9444ca7c10bb01d\COMCTL32.dll
0x00007fffb9e20000 - 0x00007fffb9e49000 	C:\WINDOWS\System32\GDI32.dll
0x00007fffb9720000 - 0x00007fffb9746000 	C:\WINDOWS\System32\win32u.dll
0x00007fffb9960000 - 0x00007fffb9a73000 	C:\WINDOWS\System32\gdi32full.dll
0x00007fffb9680000 - 0x00007fffb971a000 	C:\WINDOWS\System32\msvcp_win.dll
0x00007fffba460000 - 0x00007fffba60d000 	C:\WINDOWS\System32\USER32.dll
0x00007fffb1110000 - 0x00007fffb111a000 	C:\WINDOWS\SYSTEM32\VERSION.dll
0x00007fffbafa0000 - 0x00007fffbafd1000 	C:\WINDOWS\System32\IMM32.DLL
0x00007fffa4820000 - 0x00007fffa482c000 	C:\Program Files\Java\jdk-17\bin\vcruntime140_1.dll
0x00007fff73fd0000 - 0x00007fff7405e000 	C:\Program Files\Java\jdk-17\bin\msvcp140.dll
0x00007fff5a620000 - 0x00007fff5b1f7000 	C:\Program Files\Java\jdk-17\bin\server\jvm.dll
0x00007fffba2a0000 - 0x00007fffba2a8000 	C:\WINDOWS\System32\PSAPI.DLL
0x00007fffb3f10000 - 0x00007fffb3f19000 	C:\WINDOWS\SYSTEM32\WSOCK32.dll
0x00007fffbae10000 - 0x00007fffbae81000 	C:\WINDOWS\System32\WS2_32.dll
0x00007fffb0c50000 - 0x00007fffb0c84000 	C:\WINDOWS\SYSTEM32\WINMM.dll
0x00007fffb8100000 - 0x00007fffb8118000 	C:\WINDOWS\SYSTEM32\kernel.appcore.dll
0x00007fffb5c70000 - 0x00007fffb5c7a000 	C:\Program Files\Java\jdk-17\bin\jimage.dll
0x00007fffb69f0000 - 0x00007fffb6c1e000 	C:\WINDOWS\SYSTEM32\DBGHELP.DLL
0x00007fffb9e80000 - 0x00007fffba209000 	C:\WINDOWS\System32\combase.dll
0x00007fffba380000 - 0x00007fffba457000 	C:\WINDOWS\System32\OLEAUT32.dll
0x00007fff9edc0000 - 0x00007fff9edf2000 	C:\WINDOWS\SYSTEM32\dbgcore.DLL
0x00007fffb98e0000 - 0x00007fffb995b000 	C:\WINDOWS\System32\bcryptPrimitives.dll
0x00007fffa4830000 - 0x00007fffa4855000 	C:\Program Files\Java\jdk-17\bin\java.dll
0x00007fff7a700000 - 0x00007fff7a7d7000 	C:\Program Files\Java\jdk-17\bin\jsvml.dll
0x00007fffba610000 - 0x00007fffbae00000 	C:\WINDOWS\System32\SHELL32.dll
0x00007fffb70c0000 - 0x00007fffb798e000 	C:\WINDOWS\SYSTEM32\windows.storage.dll
0x00007fffb6f80000 - 0x00007fffb70be000 	C:\WINDOWS\SYSTEM32\wintypes.dll
0x00007fffbb140000 - 0x00007fffbb231000 	C:\WINDOWS\System32\SHCORE.dll
0x00007fffbae90000 - 0x00007fffbaeee000 	C:\WINDOWS\System32\shlwapi.dll
0x00007fffb8fe0000 - 0x00007fffb9001000 	C:\WINDOWS\SYSTEM32\profapi.dll
0x00007fffa47a0000 - 0x00007fffa47b9000 	C:\Program Files\Java\jdk-17\bin\net.dll
0x00007fffb0750000 - 0x00007fffb087f000 	C:\WINDOWS\SYSTEM32\WINHTTP.dll
0x00007fffb8570000 - 0x00007fffb85d9000 	C:\WINDOWS\system32\mswsock.dll
0x00007fffa4780000 - 0x00007fffa4796000 	C:\Program Files\Java\jdk-17\bin\nio.dll
0x00007fffa17f0000 - 0x00007fffa1808000 	C:\Program Files\Java\jdk-17\bin\zip.dll
0x00007fff61e30000 - 0x00007fff61fc1000 	C:\Program Files\Java\jdk-17\bin\awt.dll
0x00007fffb5e40000 - 0x00007fffb5ed7000 	C:\WINDOWS\SYSTEM32\apphelp.dll

dbghelp: loaded successfully - version: 4.0.5 - missing functions: none
symbol engine: initialized successfully - sym options: 0x614 - pdb path: .;C:\Program Files\Java\jdk-17\bin;C:\WINDOWS\SYSTEM32;C:\WINDOWS\WinSxS\amd64_microsoft.windows.common-controls_6595b64144ccf1df_6.0.22621.608_none_a9444ca7c10bb01d;C:\Program Files\Java\jdk-17\bin\server

VM Arguments:
jvm_args: -Dfile.encoding=UTF-8 -XX:+ShowCodeDetailsInExceptionMessages 
java_command: university.studentleave
java_class_path (initial): C:\Users\akshr\eclipse-workspace\university\bin;C:\Users\akshr\Downloads\mysql-connector-j-8.0.32\mysql-connector-j-8.0.32\mysql-connector-j-8.0.32.jar;C:\Users\akshr\Downloads\jcalendar-tz-1.3.3-4.jar;C:\Users\akshr\Downloads\mysql-connector-java-8.0.28 (1).jar;C:\Users\akshr\Downloads\rs2xml.jar
Launcher Type: SUN_STANDARD

[Global flags]
     intx CICompilerCount                          = 3                                         {product} {ergonomic}
     uint ConcGCThreads                            = 1                                         {product} {ergonomic}
     uint G1ConcRefinementThreads                  = 4                                         {product} {ergonomic}
   size_t G1HeapRegionSize                         = 1048576                                   {product} {ergonomic}
    uintx GCDrainStackTargetSize                   = 64                                        {product} {ergonomic}
   size_t InitialHeapSize                          = 130023424                                 {product} {ergonomic}
   size_t MarkStackSize                            = 4194304                                   {product} {ergonomic}
   size_t MaxHeapSize                              = 2080374784                                {product} {ergonomic}
   size_t MaxNewSize                               = 1247805440                                {product} {ergonomic}
   size_t MinHeapDeltaBytes                        = 1048576                                   {product} {ergonomic}
   size_t MinHeapSize                              = 8388608                                   {product} {ergonomic}
    uintx NonNMethodCodeHeapSize                   = 5832780                                {pd product} {ergonomic}
    uintx NonProfiledCodeHeapSize                  = 122912730                              {pd product} {ergonomic}
    uintx ProfiledCodeHeapSize                     = 122912730                              {pd product} {ergonomic}
    uintx ReservedCodeCacheSize                    = 251658240                              {pd product} {ergonomic}
     bool SegmentedCodeCache                       = true                                      {product} {ergonomic}
     bool ShowCodeDetailsInExceptionMessages       = true                                   {manageable} {command line}
   size_t SoftMaxHeapSize                          = 2080374784                             {manageable} {ergonomic}
     bool UseCompressedClassPointers               = true                           {product lp64_product} {ergonomic}
     bool UseCompressedOops                        = true                           {product lp64_product} {ergonomic}
     bool UseG1GC                                  = true                                      {product} {ergonomic}
     bool UseLargePagesIndividualAllocation        = false                                  {pd product} {ergonomic}

Logging:
Log output configuration:
 #0: stdout all=warning uptime,level,tags
 #1: stderr all=off uptime,level,tags

Environment Variables:
CLASSPATH=C:\mysql-connector-j-8.0.32.jar
PATH=C:/Program Files/Java/jdk-17/bin/server;C:/Program Files/Java/jdk-17/bin;C:\Program Files (x86)\VMware\VMware Player\bin\;C:\python\Scripts\;C:\python\;C:\WINDOWS\system32;C:\WINDOWS;C:\WINDOWS\System32\Wbem;C:\WINDOWS\System32\WindowsPowerShell\v1.0\;C:\WINDOWS\System32\OpenSSH\;C:\MinGW\bin;C:\Python 3.10.2\Scripts.;C:\Program Files\Git\cmd;C:\Program Files\Java\jdk-17\bin;C:\Program Files\Common Files\Oracle\Java\javapath;C:\Program Files\MySQL\MySQL Server 8.0\bin;C:\Program Files\MySQL\MySQL Shell 8.0\bin\;C:\Users\akshr\AppData\Local\Microsoft\WindowsApps;C:\Users\akshr\AppData\Local\Programs\Microsoft VS Code\bin;C:\Program Files\JetBrains\IntelliJ IDEA Community Edition 2022.3.1\bin;C:\Python 3.10.2\Scripts;C:\Program Files\JetBrains\PyCharm Community Edition 2022.3\bin;C:\Users\akshr\flutter_windows_3.7.3-stable\flutter\bin;C:\Users\akshr\AppData\Local\Microsoft\WindowsApps;C:\Program Files\Java\jdk-17\bin;C:\Users\akshr\Downloads\flutter_windows_3.7.5-stable\flutter\bin;C:\MinGW\bin;;C:\WINDOWS\system32;
USERNAME=akshr
OS=Windows_NT
PROCESSOR_IDENTIFIER=Intel64 Family 6 Model 126 Stepping 5, GenuineIntel



---------------  S Y S T E M  ---------------

OS:
 Windows 11 , 64 bit Build 22621 (10.0.22621.1344)
OS uptime: 8 days 1:09 hours

CPU: total 4 (initial active 4) (2 cores per cpu, 2 threads per core) family 6 model 126 stepping 5 microcode 0xa6, cx8, cmov, fxsr, ht, mmx, 3dnowpref, sse, sse2, sse3, ssse3, sse4.1, sse4.2, popcnt, lzcnt, tsc, tscinvbit, avx, avx2, aes, erms, clmul, bmi1, bmi2, adx, avx512f, avx512dq, avx512cd, avx512bw, avx512vl, sha, fma, vzeroupper, avx512_vpopcntdq, avx512_vpclmulqdq, avx512_vaes, avx512_vnni, clflush, clflushopt, avx512_vbmi2, avx512_vbmi

Memory: 4k page, system-wide physical 7931M (580M free)
TotalPageFile size 32507M (AvailPageFile size 2M)
current process WorkingSet (physical memory assigned to process): 37M, peak: 37M
current process commit charge ("private bytes"): 201M, peak: 201M

vm_info: Java HotSpot(TM) 64-Bit Server VM (17.0.6+9-LTS-190) for windows-amd64 JRE (17.0.6+9-LTS-190), built on Dec  6 2022 15:53:54 by "mach5one" with MS VC++ 17.1 (VS2022)

END.
