#
# There is insufficient memory for the Java Runtime Environment to continue.
# Native memory allocation (mmap) failed to map 130023424 bytes for G1 virtual space
# Possible reasons:
#   The system is out of physical RAM or swap space
#   The process is running with CompressedOops enabled, and the Java Heap may be blocking the growth of the native heap
# Possible solutions:
#   Reduce memory load on the system
#   Increase physical memory or swap space
#   Check if swap backing store is full
#   Decrease Java heap size (-Xmx/-Xms)
#   Decrease number of Java threads
#   Decrease Java thread stack sizes (-Xss)
#   Set larger code cache with -XX:ReservedCodeCacheSize=
#   JVM is running with Unscaled Compressed Oops mode in which the Java heap is
#     placed in the first 4GB address space. The Java Heap base address is the
#     maximum limit for the native heap growth. Please use -XX:HeapBaseMinAddress
#     to set the Java Heap base and to place the Java Heap above 4GB virtual address.
# This output file may be truncated or incomplete.
#
#  Out of Memory Error (os_windows.cpp:3550), pid=18600, tid=28480
#
# JRE version:  (17.0.6+9) (build )
# Java VM: Java HotSpot(TM) 64-Bit Server VM (17.0.6+9-LTS-190, mixed mode, sharing, tiered, compressed oops, compressed class ptrs, g1 gc, windows-amd64)
# No core dump will be written. Minidumps are not enabled by default on client versions of Windows
#

---------------  S U M M A R Y ------------

Command Line: -Dfile.encoding=UTF-8 -XX:+ShowCodeDetailsInExceptionMessages university.studentdetails

Host: Intel(R) Core(TM) i3-1005G1 CPU @ 1.20GHz, 4 cores, 7G,  Windows 11 , 64 bit Build 22621 (10.0.22621.1344)
Time: Sat Apr  1 10:18:00 2023 India Standard Time elapsed time: 0.031022 seconds (0d 0h 0m 0s)

---------------  T H R E A D  ---------------

Current thread (0x00000191a6d08e20):  JavaThread "Unknown thread" [_thread_in_vm, id=28480, stack(0x0000003618f00000,0x0000003619000000)]

Stack: [0x0000003618f00000,0x0000003619000000]
Native frames: (J=compiled Java code, j=interpreted, Vv=VM code, C=native code)
V  [jvm.dll+0x6734ea]
V  [jvm.dll+0x7d18f4]
V  [jvm.dll+0x7d309e]
V  [jvm.dll+0x7d3703]
V  [jvm.dll+0x2433c5]
V  [jvm.dll+0x6703f9]
V  [jvm.dll+0x664d32]
V  [jvm.dll+0x300086]
V  [jvm.dll+0x307606]
V  [jvm.dll+0x356c1e]
V  [jvm.dll+0x356e4f]
V  [jvm.dll+0x2d72e8]
V  [jvm.dll+0x2d8254]
V  [jvm.dll+0x7a33b1]
V  [jvm.dll+0x3647f1]
V  [jvm.dll+0x782839]
V  [jvm.dll+0x3e757f]
V  [jvm.dll+0x3e9001]
C  [jli.dll+0x5297]
C  [ucrtbase.dll+0x29363]
C  [KERNEL32.DLL+0x126bd]
C  [ntdll.dll+0x5a9f8]


---------------  P R O C E S S  ---------------

Threads class SMR info:
_java_thread_list=0x00007fff5b0ce958, length=0, elements={
}

Java Threads: ( => current thread )

Other Threads:
  0x00000191a6d62980 GCTaskThread "GC Thread#0" [stack: 0x0000003619000000,0x0000003619100000] [id=37240]
  0x00000191a6d739c0 ConcurrentGCThread "G1 Main Marker" [stack: 0x0000003619100000,0x0000003619200000] [id=15580]
  0x00000191a6d743d0 ConcurrentGCThread "G1 Conc#0" [stack: 0x0000003619200000,0x0000003619300000] [id=17664]

[error occurred during error reporting (printing all threads), id 0xc0000005, EXCEPTION_ACCESS_VIOLATION (0xc0000005) at pc=0x00007fff5a907f07]

VM state: not at safepoint (not fully initialized)

VM Mutex/Monitor currently owned by a thread:  ([mutex/lock_event])
[0x00000191a6d043f0] Heap_lock - owner thread: 0x00000191a6d08e20

Heap address: 0x0000000084000000, size: 1984 MB, Compressed Oops mode: 32-bit

CDS archive(s) mapped at: [0x0000000000000000-0x0000000000000000-0x0000000000000000), size 0, SharedBaseAddress: 0x0000000800000000, ArchiveRelocationMode: 0.
Narrow klass base: 0x0000000000000000, Narrow klass shift: 0, Narrow klass range: 0x0

GC Precious Log:
<Empty>

Heap:
 garbage-first heap   total 0K, used 0K [0x0000000084000000, 0x0000000100000000)
  region size 1024K, 0 young (0K), 0 survivors (0K)

[error occurred during error reporting (printing heap information), id 0xc0000005, EXCEPTION_ACCESS_VIOLATION (0xc0000005) at pc=0x00007fff5acec759]

GC Heap History (0 events):
No events

Deoptimization events (0 events):
No events

Classes unloaded (0 events):
No events

Classes redefined (0 events):
No events

Internal exceptions (0 events):
No events

VM Operations (0 events):
No events

Events (1 events):
Event: 0.020 Loaded shared library C:\Program Files\Java\jdk-17\bin\java.dll


Dynamic libraries:
0x00007ff67ac40000 - 0x00007ff67ac50000 	C:\Program Files\Java\jdk-17\bin\javaw.exe
0x00007fffbbc70000 - 0x00007fffbbe84000 	C:\WINDOWS\SYSTEM32\ntdll.dll
0x00007fffba2b0000 - 0x00007fffba373000 	C:\WINDOWS\System32\KERNEL32.DLL
0x00007fffb9220000 - 0x00007fffb95bc000 	C:\WINDOWS\System32\KERNELBASE.dll
0x00007fffb9750000 - 0x00007fffb9861000 	C:\WINDOWS\System32\ucrtbase.dll
0x00007fffa59a0000 - 0x00007fffa59b8000 	C:\Program Files\Java\jdk-17\bin\jli.dll
0x00007fff9ed20000 - 0x00007fff9ed3b000 	C:\Program Files\Java\jdk-17\bin\VCRUNTIME140.dll
0x00007fffbbb80000 - 0x00007fffbbc2e000 	C:\WINDOWS\System32\ADVAPI32.dll
0x00007fffbb240000 - 0x00007fffbb2e7000 	C:\WINDOWS\System32\msvcrt.dll
0x00007fffbba70000 - 0x00007fffbbb14000 	C:\WINDOWS\System32\sechost.dll
0x00007fffb9a90000 - 0x00007fffb9ba5000 	C:\WINDOWS\System32\RPCRT4.dll
0x00007fffba460000 - 0x00007fffba60d000 	C:\WINDOWS\System32\USER32.dll
0x00007fffb9720000 - 0x00007fffb9746000 	C:\WINDOWS\System32\win32u.dll
0x00007fffb9e20000 - 0x00007fffb9e49000 	C:\WINDOWS\System32\GDI32.dll
0x00007fffb9960000 - 0x00007fffb9a73000 	C:\WINDOWS\System32\gdi32full.dll
0x00007fffb9680000 - 0x00007fffb971a000 	C:\WINDOWS\System32\msvcp_win.dll
0x00007fffa43d0000 - 0x00007fffa465e000 	C:\WINDOWS\WinSxS\amd64_microsoft.windows.common-controls_6595b64144ccf1df_6.0.22621.608_none_a9444ca7c10bb01d\COMCTL32.dll
0x00007fffb1110000 - 0x00007fffb111a000 	C:\WINDOWS\SYSTEM32\VERSION.dll
0x00007fffbafa0000 - 0x00007fffbafd1000 	C:\WINDOWS\System32\IMM32.DLL
0x00007fffa4820000 - 0x00007fffa482c000 	C:\Program Files\Java\jdk-17\bin\vcruntime140_1.dll
0x00007fff73fd0000 - 0x00007fff7405e000 	C:\Program Files\Java\jdk-17\bin\msvcp140.dll
0x00007fff5a620000 - 0x00007fff5b1f7000 	C:\Program Files\Java\jdk-17\bin\server\jvm.dll
0x00007fffba2a0000 - 0x00007fffba2a8000 	C:\WINDOWS\System32\PSAPI.DLL
0x00007fffb3f10000 - 0x00007fffb3f19000 	C:\WINDOWS\SYSTEM32\WSOCK32.dll
0x00007fffbae10000 - 0x00007fffbae81000 	C:\WINDOWS\System32\WS2_32.dll
0x00007fffb0c50000 - 0x00007fffb0c84000 	C:\WINDOWS\SYSTEM32\WINMM.dll
0x00007fffb8100000 - 0x00007fffb8118000 	C:\WINDOWS\SYSTEM32\kernel.appcore.dll
0x00007fffb5c70000 - 0x00007fffb5c7a000 	C:\Program Files\Java\jdk-17\bin\jimage.dll
0x00007fffb69f0000 - 0x00007fffb6c1e000 	C:\WINDOWS\SYSTEM32\DBGHELP.DLL
0x00007fffb9e80000 - 0x00007fffba209000 	C:\WINDOWS\System32\combase.dll
0x00007fffba380000 - 0x00007fffba457000 	C:\WINDOWS\System32\OLEAUT32.dll
0x00007fff9edc0000 - 0x00007fff9edf2000 	C:\WINDOWS\SYSTEM32\dbgcore.DLL
0x00007fffb98e0000 - 0x00007fffb995b000 	C:\WINDOWS\System32\bcryptPrimitives.dll
0x00007fffa4830000 - 0x00007fffa4855000 	C:\Program Files\Java\jdk-17\bin\java.dll

dbghelp: loaded successfully - version: 4.0.5 - missing functions: none
symbol engine: initialized successfully - sym options: 0x614 - pdb path: .;C:\Program Files\Java\jdk-17\bin;C:\WINDOWS\SYSTEM32;C:\WINDOWS\WinSxS\amd64_microsoft.windows.common-controls_6595b64144ccf1df_6.0.22621.608_none_a9444ca7c10bb01d;C:\Program Files\Java\jdk-17\bin\server

VM Arguments:
jvm_args: -Dfile.encoding=UTF-8 -XX:+ShowCodeDetailsInExceptionMessages 
java_command: university.studentdetails
java_class_path (initial): C:\Users\akshr\eclipse-workspace\university\bin;C:\Users\akshr\Downloads\mysql-connector-j-8.0.32\mysql-connector-j-8.0.32\mysql-connector-j-8.0.32.jar;C:\Users\akshr\Downloads\jcalendar-tz-1.3.3-4.jar;C:\Users\akshr\Downloads\mysql-connector-java-8.0.28 (1).jar;C:\Users\akshr\Downloads\rs2xml.jar
Launcher Type: SUN_STANDARD

[Global flags]
     intx CICompilerCount                          = 3                                         {product} {ergonomic}
     uint ConcGCThreads                            = 1                                         {product} {ergonomic}
     uint G1ConcRefinementThreads                  = 4                                         {product} {ergonomic}
   size_t G1HeapRegionSize                         = 1048576                                   {product} {ergonomic}
    uintx GCDrainStackTargetSize                   = 64                                        {product} {ergonomic}
   size_t InitialHeapSize                          = 130023424                                 {product} {ergonomic}
   size_t MarkStackSize                            = 4194304                                   {product} {ergonomic}
   size_t MaxHeapSize                              = 2080374784                                {product} {ergonomic}
   size_t MinHeapDeltaBytes                        = 1048576                                   {product} {ergonomic}
   size_t MinHeapSize                              = 8388608                                   {product} {ergonomic}
    uintx NonNMethodCodeHeapSize                   = 5832780                                {pd product} {ergonomic}
    uintx NonProfiledCodeHeapSize                  = 122912730                              {pd product} {ergonomic}
    uintx ProfiledCodeHeapSize                     = 122912730                              {pd product} {ergonomic}
    uintx ReservedCodeCacheSize                    = 251658240                              {pd product} {ergonomic}
     bool SegmentedCodeCache                       = true                                      {product} {ergonomic}
     bool ShowCodeDetailsInExceptionMessages       = true                                   {manageable} {command line}
   size_t SoftMaxHeapSize                          = 2080374784                             {manageable} {ergonomic}
     bool UseCompressedClassPointers               = true                           {product lp64_product} {ergonomic}
     bool UseCompressedOops                        = true                           {product lp64_product} {ergonomic}
     bool UseG1GC                                  = true                                      {product} {ergonomic}
     bool UseLargePagesIndividualAllocation        = false                                  {pd product} {ergonomic}

Logging:
Log output configuration:
 #0: stdout all=warning uptime,level,tags
 #1: stderr all=off uptime,level,tags

Environment Variables:
CLASSPATH=C:\mysql-connector-j-8.0.32.jar
PATH=C:/Program Files/Java/jdk-17/bin/server;C:/Program Files/Java/jdk-17/bin;C:\Program Files (x86)\VMware\VMware Player\bin\;C:\python\Scripts\;C:\python\;C:\WINDOWS\system32;C:\WINDOWS;C:\WINDOWS\System32\Wbem;C:\WINDOWS\System32\WindowsPowerShell\v1.0\;C:\WINDOWS\System32\OpenSSH\;C:\MinGW\bin;C:\Python 3.10.2\Scripts.;C:\Program Files\Git\cmd;C:\Program Files\Java\jdk-17\bin;C:\Program Files\Common Files\Oracle\Java\javapath;C:\Program Files\MySQL\MySQL Server 8.0\bin;C:\Program Files\MySQL\MySQL Shell 8.0\bin\;C:\Users\akshr\AppData\Local\Microsoft\WindowsApps;C:\Users\akshr\AppData\Local\Programs\Microsoft VS Code\bin;C:\Program Files\JetBrains\IntelliJ IDEA Community Edition 2022.3.1\bin;C:\Python 3.10.2\Scripts;C:\Program Files\JetBrains\PyCharm Community Edition 2022.3\bin;C:\Users\akshr\flutter_windows_3.7.3-stable\flutter\bin;C:\Users\akshr\AppData\Local\Microsoft\WindowsApps;C:\Program Files\Java\jdk-17\bin;C:\Users\akshr\Downloads\flutter_windows_3.7.5-stable\flutter\bin;C:\MinGW\bin;;C:\WINDOWS\system32;
USERNAME=akshr
OS=Windows_NT
PROCESSOR_IDENTIFIER=Intel64 Family 6 Model 126 Stepping 5, GenuineIntel



---------------  S Y S T E M  ---------------

OS:
 Windows 11 , 64 bit Build 22621 (10.0.22621.1344)
OS uptime: 8 days 1:06 hours

CPU: total 4 (initial active 4) (2 cores per cpu, 2 threads per core) family 6 model 126 stepping 5 microcode 0xa6, cx8, cmov, fxsr, ht, mmx, 3dnowpref, sse, sse2, sse3, ssse3, sse4.1, sse4.2, popcnt, lzcnt, tsc, tscinvbit, avx, avx2, aes, erms, clmul, bmi1, bmi2, adx, avx512f, avx512dq, avx512cd, avx512bw, avx512vl, sha, fma, vzeroupper, avx512_vpopcntdq, avx512_vpclmulqdq, avx512_vaes, avx512_vnni, clflush, clflushopt, avx512_vbmi2, avx512_vbmi

Memory: 4k page, system-wide physical 7931M (335M free)
TotalPageFile size 32482M (AvailPageFile size 41M)
current process WorkingSet (physical memory assigned to process): 11M, peak: 11M
current process commit charge ("private bytes"): 51M, peak: 175M

vm_info: Java HotSpot(TM) 64-Bit Server VM (17.0.6+9-LTS-190) for windows-amd64 JRE (17.0.6+9-LTS-190), built on Dec  6 2022 15:53:54 by "mach5one" with MS VC++ 17.1 (VS2022)

END.
